<?xml version="1.0" encoding="UTF-8"?>
<testng-results skipped="0" failed="0" total="1" passed="1">
  <reporter-output>
  </reporter-output>
  <suite name="Command line suite" duration-ms="14340" started-at="2016-01-03T20:34:12Z" finished-at="2016-01-03T20:34:26Z">
    <groups>
    </groups>
    <test name="Command line test" duration-ms="14340" started-at="2016-01-03T20:34:12Z" finished-at="2016-01-03T20:34:26Z">
      <class name="com.hello.HelloWorldTest">
        <test-method status="PASS" signature="main()" name="main" duration-ms="14322" started-at="2016-01-03T20:34:12Z" finished-at="2016-01-03T20:34:26Z">
        </test-method>
      </class>
    </test>
  </suite>
</testng-results>
